<?xml version="1.0" encoding="UTF-8"?>
<!-- Generated by org.testng.reporters.JUnitXMLReporter -->
<testsuite ignored="0" hostname="MM76808M2" failures="0" tests="5" name="Default test" time="0.817" errors="0" timestamp="2021-05-10T08:51:08 EDT">
  <testcase classname="com.srccodes.testcases.ProductsGetTests" name="getProductPriceDescending" time="0.677"/>
  <testcase classname="com.srccodes.testcases.ProductsGetTests" name="getWrongProductIdError" time="0.017"/>
  <testcase classname="com.srccodes.testcases.ProductsCreateTests" name="createProduct" time="0.041"/>
  <testcase classname="com.srccodes.testcases.ProductsCreateTests" name="createProductMissingModelField" time="0.015"/>
  <testcase classname="com.srccodes.testcases.ProductsCreateTests" name="createProductWrongPrice" time="0.017"/>
</testsuite> <!-- Default test -->
